<?xml version="1.0" encoding="UTF-8"?>
<!-- Generated by org.testng.reporters.JUnitXMLReporter -->
<testsuite ignored="0" hostname="Fatsnguyen" failures="0" tests="5" name="Default test" time="0.054" errors="0" timestamp="08 Apr 2025 19:42:21 GMT">
  <testcase classname="CalculatorTest.CalculatorTest" name="testAdd" time="0.015"/>
  <testcase classname="CalculatorTest.CalculatorTest" name="testDivide" time="0.002"/>
  <testcase classname="CalculatorTest.CalculatorTest" name="testDivideByZero" time="0.003"/>
  <testcase classname="CalculatorTest.CalculatorTest" name="testMultiply" time="0.002"/>
  <testcase classname="CalculatorTest.CalculatorTest" name="testSubtract" time="0.001"/>
</testsuite> <!-- Default test -->
