<?xml version="1.0" encoding="UTF-8"?>
<!-- Generated by org.testng.reporters.JUnitXMLReporter -->
<testsuite ignored="5" hostname="Fatsnguyen" failures="0" tests="0" time="0.007" errors="0" timestamp="08 Apr 2025 19:42:11 GMT">
  <testcase classname="CalculatorTest.CalculatorTest" name="testDivide" time="0.0">
    <ignored/>
  </testcase> <!-- testDivide -->
  <testcase classname="CalculatorTest.CalculatorTest" name="testSubtract" time="0.0">
    <ignored/>
  </testcase> <!-- testSubtract -->
  <testcase classname="CalculatorTest.CalculatorTest" name="testMultiply" time="0.0">
    <ignored/>
  </testcase> <!-- testMultiply -->
  <testcase classname="CalculatorTest.CalculatorTest" name="testAdd" time="0.0">
    <ignored/>
  </testcase> <!-- testAdd -->
  <testcase classname="CalculatorTest.CalculatorTest" name="testDivideByZero" time="0.0">
    <ignored/>
  </testcase> <!-- testDivideByZero -->
</testsuite>
